<?xml version="1.0" encoding="UTF-8"?>
<testsuite xmlns:xsi="http://www.w3.org/2001/XMLSchema-instance" xsi:noNamespaceSchemaLocation="https://maven.apache.org/surefire/maven-surefire-plugin/xsd/surefire-test-report.xsd" name="com.example.admin.AdminApplicationTests" time="19.591" tests="1" errors="0" skipped="0" failures="0">
  <properties>
    <property name="sun.desktop" value="windows"/>
    <property name="awt.toolkit" value="sun.awt.windows.WToolkit"/>
    <property name="file.encoding.pkg" value="sun.io"/>
    <property name="java.specification.version" value="1.8"/>
    <property name="sun.cpu.isalist" value="amd64"/>
    <property name="sun.jnu.encoding" value="Cp1252"/>
    <property name="java.class.path" value="C:\Users\Tier1\Desktop\microservicios2demo\vaadin-microservices-demo\admin-application\target\test-classes;C:\Users\Tier1\Desktop\microservicios2demo\vaadin-microservices-demo\admin-application\target\classes;C:\Users\Tier1\.m2\repository\org\springframework\cloud\spring-cloud-starter-netflix-eureka-client\2.0.0.M4\spring-cloud-starter-netflix-eureka-client-2.0.0.M4.jar;C:\Users\Tier1\.m2\repository\org\springframework\cloud\spring-cloud-starter\2.0.0.M4\spring-cloud-starter-2.0.0.M4.jar;C:\Users\Tier1\.m2\repository\org\springframework\cloud\spring-cloud-context\2.0.0.M4\spring-cloud-context-2.0.0.M4.jar;C:\Users\Tier1\.m2\repository\org\springframework\security\spring-security-rsa\1.0.5.RELEASE\spring-security-rsa-1.0.5.RELEASE.jar;C:\Users\Tier1\.m2\repository\org\bouncycastle\bcpkix-jdk15on\1.56\bcpkix-jdk15on-1.56.jar;C:\Users\Tier1\.m2\repository\org\bouncycastle\bcprov-jdk15on\1.56\bcprov-jdk15on-1.56.jar;C:\Users\Tier1\.m2\repository\org\springframework\cloud\spring-cloud-netflix-core\2.0.0.M4\spring-cloud-netflix-core-2.0.0.M4.jar;C:\Users\Tier1\.m2\repository\org\springframework\cloud\spring-cloud-netflix-archaius\2.0.0.M4\spring-cloud-netflix-archaius-2.0.0.M4.jar;C:\Users\Tier1\.m2\repository\org\springframework\cloud\spring-cloud-netflix-eureka-client\2.0.0.M4\spring-cloud-netflix-eureka-client-2.0.0.M4.jar;C:\Users\Tier1\.m2\repository\com\netflix\eureka\eureka-client\1.8.4\eureka-client-1.8.4.jar;C:\Users\Tier1\.m2\repository\org\codehaus\jettison\jettison\1.3.7\jettison-1.3.7.jar;C:\Users\Tier1\.m2\repository\stax\stax-api\1.0.1\stax-api-1.0.1.jar;C:\Users\Tier1\.m2\repository\com\netflix\netflix-commons\netflix-eventbus\0.3.0\netflix-eventbus-0.3.0.jar;C:\Users\Tier1\.m2\repository\com\netflix\netflix-commons\netflix-infix\0.3.0\netflix-infix-0.3.0.jar;C:\Users\Tier1\.m2\repository\commons-jxpath\commons-jxpath\1.3\commons-jxpath-1.3.jar;C:\Users\Tier1\.m2\repository\joda-time\joda-time\2.9.9\joda-time-2.9.9.jar;C:\Users\Tier1\.m2\repository\org\antlr\antlr-runtime\3.4\antlr-runtime-3.4.jar;C:\Users\Tier1\.m2\repository\org\antlr\stringtemplate\3.2.1\stringtemplate-3.2.1.jar;C:\Users\Tier1\.m2\repository\antlr\antlr\2.7.7\antlr-2.7.7.jar;C:\Users\Tier1\.m2\repository\com\google\code\gson\gson\2.8.2\gson-2.8.2.jar;C:\Users\Tier1\.m2\repository\org\apache\commons\commons-math\2.2\commons-math-2.2.jar;C:\Users\Tier1\.m2\repository\com\netflix\archaius\archaius-core\0.7.5\archaius-core-0.7.5.jar;C:\Users\Tier1\.m2\repository\javax\ws\rs\jsr311-api\1.1.1\jsr311-api-1.1.1.jar;C:\Users\Tier1\.m2\repository\com\netflix\servo\servo-core\0.10.1\servo-core-0.10.1.jar;C:\Users\Tier1\.m2\repository\com\netflix\servo\servo-internal\0.10.1\servo-internal-0.10.1.jar;C:\Users\Tier1\.m2\repository\com\sun\jersey\jersey-core\1.19.1\jersey-core-1.19.1.jar;C:\Users\Tier1\.m2\repository\com\sun\jersey\jersey-client\1.19.1\jersey-client-1.19.1.jar;C:\Users\Tier1\.m2\repository\com\sun\jersey\contribs\jersey-apache-client4\1.19.1\jersey-apache-client4-1.19.1.jar;C:\Users\Tier1\.m2\repository\org\apache\httpcomponents\httpclient\4.5.3\httpclient-4.5.3.jar;C:\Users\Tier1\.m2\repository\org\apache\httpcomponents\httpcore\4.4.8\httpcore-4.4.8.jar;C:\Users\Tier1\.m2\repository\commons-codec\commons-codec\1.11\commons-codec-1.11.jar;C:\Users\Tier1\.m2\repository\com\google\inject\guice\4.1.0\guice-4.1.0.jar;C:\Users\Tier1\.m2\repository\javax\inject\javax.inject\1\javax.inject-1.jar;C:\Users\Tier1\.m2\repository\aopalliance\aopalliance\1.0\aopalliance-1.0.jar;C:\Users\Tier1\.m2\repository\com\github\vlsi\compactmap\compactmap\1.2.1\compactmap-1.2.1.jar;C:\Users\Tier1\.m2\repository\com\github\andrewoma\dexx\dexx-collections\0.2\dexx-collections-0.2.jar;C:\Users\Tier1\.m2\repository\com\fasterxml\jackson\core\jackson-annotations\2.9.0\jackson-annotations-2.9.0.jar;C:\Users\Tier1\.m2\repository\com\fasterxml\jackson\core\jackson-core\2.9.2\jackson-core-2.9.2.jar;C:\Users\Tier1\.m2\repository\com\netflix\eureka\eureka-core\1.8.4\eureka-core-1.8.4.jar;C:\Users\Tier1\.m2\repository\org\codehaus\woodstox\woodstox-core-asl\4.4.1\woodstox-core-asl-4.4.1.jar;C:\Users\Tier1\.m2\repository\javax\xml\stream\stax-api\1.0-2\stax-api-1.0-2.jar;C:\Users\Tier1\.m2\repository\org\codehaus\woodstox\stax2-api\3.1.4\stax2-api-3.1.4.jar;C:\Users\Tier1\.m2\repository\org\springframework\cloud\spring-cloud-starter-netflix-archaius\2.0.0.M4\spring-cloud-starter-netflix-archaius-2.0.0.M4.jar;C:\Users\Tier1\.m2\repository\commons-configuration\commons-configuration\1.8\commons-configuration-1.8.jar;C:\Users\Tier1\.m2\repository\commons-lang\commons-lang\2.6\commons-lang-2.6.jar;C:\Users\Tier1\.m2\repository\commons-logging\commons-logging\1.1.1\commons-logging-1.1.1.jar;C:\Users\Tier1\.m2\repository\com\google\guava\guava\18.0\guava-18.0.jar;C:\Users\Tier1\.m2\repository\org\springframework\cloud\spring-cloud-starter-netflix-ribbon\2.0.0.M4\spring-cloud-starter-netflix-ribbon-2.0.0.M4.jar;C:\Users\Tier1\.m2\repository\com\netflix\ribbon\ribbon\2.2.2\ribbon-2.2.2.jar;C:\Users\Tier1\.m2\repository\com\netflix\ribbon\ribbon-transport\2.2.2\ribbon-transport-2.2.2.jar;C:\Users\Tier1\.m2\repository\io\reactivex\rxnetty-contexts\0.4.9\rxnetty-contexts-0.4.9.jar;C:\Users\Tier1\.m2\repository\io\reactivex\rxnetty-servo\0.4.9\rxnetty-servo-0.4.9.jar;C:\Users\Tier1\.m2\repository\io\reactivex\rxnetty\0.4.9\rxnetty-0.4.9.jar;C:\Users\Tier1\.m2\repository\io\netty\netty-codec-http\4.1.16.Final\netty-codec-http-4.1.16.Final.jar;C:\Users\Tier1\.m2\repository\io\netty\netty-codec\4.1.16.Final\netty-codec-4.1.16.Final.jar;C:\Users\Tier1\.m2\repository\io\netty\netty-transport-native-epoll\4.1.16.Final\netty-transport-native-epoll-4.1.16.Final.jar;C:\Users\Tier1\.m2\repository\io\netty\netty-common\4.1.16.Final\netty-common-4.1.16.Final.jar;C:\Users\Tier1\.m2\repository\io\netty\netty-buffer\4.1.16.Final\netty-buffer-4.1.16.Final.jar;C:\Users\Tier1\.m2\repository\io\netty\netty-transport-native-unix-common\4.1.16.Final\netty-transport-native-unix-common-4.1.16.Final.jar;C:\Users\Tier1\.m2\repository\io\netty\netty-transport\4.1.16.Final\netty-transport-4.1.16.Final.jar;C:\Users\Tier1\.m2\repository\io\netty\netty-resolver\4.1.16.Final\netty-resolver-4.1.16.Final.jar;C:\Users\Tier1\.m2\repository\com\netflix\ribbon\ribbon-core\2.2.2\ribbon-core-2.2.2.jar;C:\Users\Tier1\.m2\repository\com\netflix\ribbon\ribbon-httpclient\2.2.2\ribbon-httpclient-2.2.2.jar;C:\Users\Tier1\.m2\repository\commons-collections\commons-collections\3.2.2\commons-collections-3.2.2.jar;C:\Users\Tier1\.m2\repository\com\netflix\netflix-commons\netflix-commons-util\0.1.1\netflix-commons-util-0.1.1.jar;C:\Users\Tier1\.m2\repository\com\netflix\ribbon\ribbon-loadbalancer\2.2.2\ribbon-loadbalancer-2.2.2.jar;C:\Users\Tier1\.m2\repository\com\netflix\netflix-commons\netflix-statistics\0.1.1\netflix-statistics-0.1.1.jar;C:\Users\Tier1\.m2\repository\io\reactivex\rxjava\1.3.3\rxjava-1.3.3.jar;C:\Users\Tier1\.m2\repository\com\netflix\ribbon\ribbon-eureka\2.2.2\ribbon-eureka-2.2.2.jar;C:\Users\Tier1\.m2\repository\org\slf4j\slf4j-api\1.7.25\slf4j-api-1.7.25.jar;C:\Users\Tier1\.m2\repository\com\thoughtworks\xstream\xstream\1.4.9\xstream-1.4.9.jar;C:\Users\Tier1\.m2\repository\xmlpull\xmlpull\1.1.3.1\xmlpull-1.1.3.1.jar;C:\Users\Tier1\.m2\repository\xpp3\xpp3_min\1.1.4c\xpp3_min-1.1.4c.jar;C:\Users\Tier1\.m2\repository\org\springframework\cloud\spring-cloud-starter-config\2.0.0.M4\spring-cloud-starter-config-2.0.0.M4.jar;C:\Users\Tier1\.m2\repository\org\springframework\cloud\spring-cloud-config-client\2.0.0.M4\spring-cloud-config-client-2.0.0.M4.jar;C:\Users\Tier1\.m2\repository\com\fasterxml\jackson\core\jackson-databind\2.9.2\jackson-databind-2.9.2.jar;C:\Users\Tier1\.m2\repository\org\springframework\cloud\spring-cloud-starter-netflix-hystrix\2.0.0.M4\spring-cloud-starter-netflix-hystrix-2.0.0.M4.jar;C:\Users\Tier1\.m2\repository\com\netflix\hystrix\hystrix-core\1.5.12\hystrix-core-1.5.12.jar;C:\Users\Tier1\.m2\repository\org\hdrhistogram\HdrHistogram\2.1.10\HdrHistogram-2.1.10.jar;C:\Users\Tier1\.m2\repository\com\netflix\hystrix\hystrix-metrics-event-stream\1.5.12\hystrix-metrics-event-stream-1.5.12.jar;C:\Users\Tier1\.m2\repository\com\netflix\hystrix\hystrix-serialization\1.5.12\hystrix-serialization-1.5.12.jar;C:\Users\Tier1\.m2\repository\com\fasterxml\jackson\module\jackson-module-afterburner\2.9.2\jackson-module-afterburner-2.9.2.jar;C:\Users\Tier1\.m2\repository\com\netflix\hystrix\hystrix-javanica\1.5.12\hystrix-javanica-1.5.12.jar;C:\Users\Tier1\.m2\repository\org\apache\commons\commons-lang3\3.6\commons-lang3-3.6.jar;C:\Users\Tier1\.m2\repository\org\ow2\asm\asm\5.0.4\asm-5.0.4.jar;C:\Users\Tier1\.m2\repository\org\aspectj\aspectjweaver\1.8.12\aspectjweaver-1.8.12.jar;C:\Users\Tier1\.m2\repository\io\reactivex\rxjava-reactive-streams\1.2.1\rxjava-reactive-streams-1.2.1.jar;C:\Users\Tier1\.m2\repository\org\reactivestreams\reactive-streams\1.0.1\reactive-streams-1.0.1.jar;C:\Users\Tier1\.m2\repository\org\springframework\cloud\spring-cloud-starter-openfeign\2.0.0.M4\spring-cloud-starter-openfeign-2.0.0.M4.jar;C:\Users\Tier1\.m2\repository\org\springframework\spring-web\5.0.1.RELEASE\spring-web-5.0.1.RELEASE.jar;C:\Users\Tier1\.m2\repository\org\springframework\spring-beans\5.0.1.RELEASE\spring-beans-5.0.1.RELEASE.jar;C:\Users\Tier1\.m2\repository\org\springframework\cloud\spring-cloud-commons\2.0.0.M4\spring-cloud-commons-2.0.0.M4.jar;C:\Users\Tier1\.m2\repository\org\springframework\security\spring-security-crypto\5.0.0.RC1\spring-security-crypto-5.0.0.RC1.jar;C:\Users\Tier1\.m2\repository\io\github\openfeign\feign-core\9.5.1\feign-core-9.5.1.jar;C:\Users\Tier1\.m2\repository\io\github\openfeign\feign-slf4j\9.5.1\feign-slf4j-9.5.1.jar;C:\Users\Tier1\.m2\repository\io\github\openfeign\feign-hystrix\9.5.1\feign-hystrix-9.5.1.jar;C:\Users\Tier1\.m2\repository\io\github\openfeign\feign-java8\9.5.1\feign-java8-9.5.1.jar;C:\Users\Tier1\.m2\repository\org\springframework\boot\spring-boot-starter-hateoas\2.0.0.M6\spring-boot-starter-hateoas-2.0.0.M6.jar;C:\Users\Tier1\.m2\repository\org\springframework\boot\spring-boot-starter-web\2.0.0.M6\spring-boot-starter-web-2.0.0.M6.jar;C:\Users\Tier1\.m2\repository\org\springframework\boot\spring-boot-starter-json\2.0.0.M6\spring-boot-starter-json-2.0.0.M6.jar;C:\Users\Tier1\.m2\repository\com\fasterxml\jackson\datatype\jackson-datatype-jdk8\2.9.2\jackson-datatype-jdk8-2.9.2.jar;C:\Users\Tier1\.m2\repository\com\fasterxml\jackson\datatype\jackson-datatype-jsr310\2.9.2\jackson-datatype-jsr310-2.9.2.jar;C:\Users\Tier1\.m2\repository\com\fasterxml\jackson\module\jackson-module-parameter-names\2.9.2\jackson-module-parameter-names-2.9.2.jar;C:\Users\Tier1\.m2\repository\com\fasterxml\jackson\module\jackson-module-kotlin\2.9.2\jackson-module-kotlin-2.9.2.jar;C:\Users\Tier1\.m2\repository\org\springframework\boot\spring-boot-starter-tomcat\2.0.0.M6\spring-boot-starter-tomcat-2.0.0.M6.jar;C:\Users\Tier1\.m2\repository\org\apache\tomcat\embed\tomcat-embed-core\8.5.23\tomcat-embed-core-8.5.23.jar;C:\Users\Tier1\.m2\repository\org\apache\tomcat\tomcat-annotations-api\8.5.23\tomcat-annotations-api-8.5.23.jar;C:\Users\Tier1\.m2\repository\org\apache\tomcat\embed\tomcat-embed-el\8.5.23\tomcat-embed-el-8.5.23.jar;C:\Users\Tier1\.m2\repository\org\apache\tomcat\embed\tomcat-embed-websocket\8.5.23\tomcat-embed-websocket-8.5.23.jar;C:\Users\Tier1\.m2\repository\org\hibernate\validator\hibernate-validator\6.0.4.Final\hibernate-validator-6.0.4.Final.jar;C:\Users\Tier1\.m2\repository\javax\validation\validation-api\2.0.0.Final\validation-api-2.0.0.Final.jar;C:\Users\Tier1\.m2\repository\org\jboss\logging\jboss-logging\3.3.1.Final\jboss-logging-3.3.1.Final.jar;C:\Users\Tier1\.m2\repository\com\fasterxml\classmate\1.3.4\classmate-1.3.4.jar;C:\Users\Tier1\.m2\repository\org\springframework\spring-webmvc\5.0.1.RELEASE\spring-webmvc-5.0.1.RELEASE.jar;C:\Users\Tier1\.m2\repository\org\springframework\hateoas\spring-hateoas\0.24.0.RELEASE\spring-hateoas-0.24.0.RELEASE.jar;C:\Users\Tier1\.m2\repository\org\springframework\spring-aop\5.0.1.RELEASE\spring-aop-5.0.1.RELEASE.jar;C:\Users\Tier1\.m2\repository\org\springframework\plugin\spring-plugin-core\1.2.0.RELEASE\spring-plugin-core-1.2.0.RELEASE.jar;C:\Users\Tier1\.m2\repository\com\vaadin\vaadin-spring-boot-starter\2.0.1\vaadin-spring-boot-starter-2.0.1.jar;C:\Users\Tier1\.m2\repository\com\vaadin\vaadin-spring-boot\2.0.1\vaadin-spring-boot-2.0.1.jar;C:\Users\Tier1\.m2\repository\com\vaadin\vaadin-spring\2.0.1\vaadin-spring-2.0.1.jar;C:\Users\Tier1\.m2\repository\com\vaadin\vaadin-server\8.1.6\vaadin-server-8.1.6.jar;C:\Users\Tier1\.m2\repository\com\vaadin\vaadin-sass-compiler\0.9.13\vaadin-sass-compiler-0.9.13.jar;C:\Users\Tier1\.m2\repository\org\w3c\css\sac\1.3\sac-1.3.jar;C:\Users\Tier1\.m2\repository\com\vaadin\external\flute\flute\1.3.0.gg2\flute-1.3.0.gg2.jar;C:\Users\Tier1\.m2\repository\com\vaadin\vaadin-shared\8.1.6\vaadin-shared-8.1.6.jar;C:\Users\Tier1\.m2\repository\org\jsoup\jsoup\1.8.3\jsoup-1.8.3.jar;C:\Users\Tier1\.m2\repository\com\vaadin\external\gentyref\1.2.0.vaadin1\gentyref-1.2.0.vaadin1.jar;C:\Users\Tier1\.m2\repository\com\vaadin\vaadin-themes\8.1.6\vaadin-themes-8.1.6.jar;C:\Users\Tier1\.m2\repository\com\vaadin\vaadin-client-compiled\8.1.6\vaadin-client-compiled-8.1.6.jar;C:\Users\Tier1\.m2\repository\org\springframework\session\spring-session-hazelcast\2.0.0.RC1\spring-session-hazelcast-2.0.0.RC1.jar;C:\Users\Tier1\.m2\repository\com\hazelcast\hazelcast\3.9\hazelcast-3.9.jar;C:\Users\Tier1\.m2\repository\org\springframework\session\spring-session-core\2.0.0.RC1\spring-session-core-2.0.0.RC1.jar;C:\Users\Tier1\.m2\repository\org\springframework\spring-jcl\5.0.1.RELEASE\spring-jcl-5.0.1.RELEASE.jar;C:\Users\Tier1\.m2\repository\org\springframework\spring-context\5.0.1.RELEASE\spring-context-5.0.1.RELEASE.jar;C:\Users\Tier1\.m2\repository\org\springframework\spring-expression\5.0.1.RELEASE\spring-expression-5.0.1.RELEASE.jar;C:\Users\Tier1\.m2\repository\org\springframework\boot\spring-boot-starter-actuator\2.0.0.M6\spring-boot-starter-actuator-2.0.0.M6.jar;C:\Users\Tier1\.m2\repository\org\springframework\boot\spring-boot-starter\2.0.0.M6\spring-boot-starter-2.0.0.M6.jar;C:\Users\Tier1\.m2\repository\org\springframework\boot\spring-boot-starter-logging\2.0.0.M6\spring-boot-starter-logging-2.0.0.M6.jar;C:\Users\Tier1\.m2\repository\ch\qos\logback\logback-classic\1.2.3\logback-classic-1.2.3.jar;C:\Users\Tier1\.m2\repository\ch\qos\logback\logback-core\1.2.3\logback-core-1.2.3.jar;C:\Users\Tier1\.m2\repository\org\apache\logging\log4j\log4j-to-slf4j\2.9.1\log4j-to-slf4j-2.9.1.jar;C:\Users\Tier1\.m2\repository\org\apache\logging\log4j\log4j-api\2.9.1\log4j-api-2.9.1.jar;C:\Users\Tier1\.m2\repository\org\slf4j\jul-to-slf4j\1.7.25\jul-to-slf4j-1.7.25.jar;C:\Users\Tier1\.m2\repository\org\slf4j\log4j-over-slf4j\1.7.25\log4j-over-slf4j-1.7.25.jar;C:\Users\Tier1\.m2\repository\javax\annotation\javax.annotation-api\1.3.1\javax.annotation-api-1.3.1.jar;C:\Users\Tier1\.m2\repository\org\yaml\snakeyaml\1.19\snakeyaml-1.19.jar;C:\Users\Tier1\.m2\repository\org\springframework\boot\spring-boot-actuator-autoconfigure\2.0.0.M6\spring-boot-actuator-autoconfigure-2.0.0.M6.jar;C:\Users\Tier1\.m2\repository\org\springframework\boot\spring-boot-actuator\2.0.0.M6\spring-boot-actuator-2.0.0.M6.jar;C:\Users\Tier1\.m2\repository\io\micrometer\micrometer-core\1.0.0-rc.3\micrometer-core-1.0.0-rc.3.jar;C:\Users\Tier1\.m2\repository\org\latencyutils\LatencyUtils\2.0.3\LatencyUtils-2.0.3.jar;C:\Users\Tier1\.m2\repository\org\vaadin\crudui\crudui\2.1.5\crudui-2.1.5.jar;C:\Users\Tier1\.m2\repository\commons-beanutils\commons-beanutils\1.8.3\commons-beanutils-1.8.3.jar;C:\Users\Tier1\.m2\repository\org\apache\geronimo\specs\geronimo-validation_1.0_spec\1.1\geronimo-validation_1.0_spec-1.1.jar;C:\Users\Tier1\.m2\repository\org\apache\bval\org.apache.bval.bundle\1.1.2\org.apache.bval.bundle-1.1.2.jar;C:\Users\Tier1\.m2\repository\org\springframework\boot\spring-boot-devtools\2.0.0.M6\spring-boot-devtools-2.0.0.M6.jar;C:\Users\Tier1\.m2\repository\org\springframework\boot\spring-boot\2.0.0.M6\spring-boot-2.0.0.M6.jar;C:\Users\Tier1\.m2\repository\org\springframework\boot\spring-boot-autoconfigure\2.0.0.M6\spring-boot-autoconfigure-2.0.0.M6.jar;C:\Users\Tier1\.m2\repository\org\springframework\boot\spring-boot-starter-test\2.0.0.M6\spring-boot-starter-test-2.0.0.M6.jar;C:\Users\Tier1\.m2\repository\org\springframework\boot\spring-boot-test\2.0.0.M6\spring-boot-test-2.0.0.M6.jar;C:\Users\Tier1\.m2\repository\org\springframework\boot\spring-boot-test-autoconfigure\2.0.0.M6\spring-boot-test-autoconfigure-2.0.0.M6.jar;C:\Users\Tier1\.m2\repository\com\jayway\jsonpath\json-path\2.4.0\json-path-2.4.0.jar;C:\Users\Tier1\.m2\repository\net\minidev\json-smart\2.3\json-smart-2.3.jar;C:\Users\Tier1\.m2\repository\net\minidev\accessors-smart\1.2\accessors-smart-1.2.jar;C:\Users\Tier1\.m2\repository\junit\junit\4.12\junit-4.12.jar;C:\Users\Tier1\.m2\repository\org\assertj\assertj-core\3.8.0\assertj-core-3.8.0.jar;C:\Users\Tier1\.m2\repository\org\mockito\mockito-core\2.11.0\mockito-core-2.11.0.jar;C:\Users\Tier1\.m2\repository\net\bytebuddy\byte-buddy\1.7.8\byte-buddy-1.7.8.jar;C:\Users\Tier1\.m2\repository\net\bytebuddy\byte-buddy-agent\1.7.8\byte-buddy-agent-1.7.8.jar;C:\Users\Tier1\.m2\repository\org\objenesis\objenesis\2.6\objenesis-2.6.jar;C:\Users\Tier1\.m2\repository\org\hamcrest\hamcrest-core\1.3\hamcrest-core-1.3.jar;C:\Users\Tier1\.m2\repository\org\hamcrest\hamcrest-library\1.3\hamcrest-library-1.3.jar;C:\Users\Tier1\.m2\repository\org\skyscreamer\jsonassert\1.5.0\jsonassert-1.5.0.jar;C:\Users\Tier1\.m2\repository\com\vaadin\external\google\android-json\0.0.20131108.vaadin1\android-json-0.0.20131108.vaadin1.jar;C:\Users\Tier1\.m2\repository\org\springframework\spring-core\5.0.1.RELEASE\spring-core-5.0.1.RELEASE.jar;C:\Users\Tier1\.m2\repository\org\springframework\spring-test\5.0.1.RELEASE\spring-test-5.0.1.RELEASE.jar;C:\Users\Tier1\.m2\repository\org\xmlunit\xmlunit-core\2.5.0\xmlunit-core-2.5.0.jar;"/>
    <property name="java.vm.vendor" value="Oracle Corporation"/>
    <property name="sun.arch.data.model" value="64"/>
    <property name="user.variant" value=""/>
    <property name="java.vendor.url" value="http://java.oracle.com/"/>
    <property name="user.timezone" value=""/>
    <property name="java.vm.specification.version" value="1.8"/>
    <property name="os.name" value="Windows 10"/>
    <property name="user.country" value="ES"/>
    <property name="sun.java.launcher" value="SUN_STANDARD"/>
    <property name="sun.boot.library.path" value="C:\Java\JDKs\jdk1.8.0_121\jre\bin"/>
    <property name="sun.java.command" value="C:\Users\Tier1\AppData\Local\Temp\surefire5546232608658421201\surefirebooter7214072002826891127.jar C:\Users\Tier1\AppData\Local\Temp\surefire5546232608658421201 2018-01-17T12-31-13_434-jvmRun1 surefire6490074110255789394tmp surefire_3569369305043034813tmp"/>
    <property name="surefire.test.class.path" value="C:\Users\Tier1\Desktop\microservicios2demo\vaadin-microservices-demo\admin-application\target\test-classes;C:\Users\Tier1\Desktop\microservicios2demo\vaadin-microservices-demo\admin-application\target\classes;C:\Users\Tier1\.m2\repository\org\springframework\cloud\spring-cloud-starter-netflix-eureka-client\2.0.0.M4\spring-cloud-starter-netflix-eureka-client-2.0.0.M4.jar;C:\Users\Tier1\.m2\repository\org\springframework\cloud\spring-cloud-starter\2.0.0.M4\spring-cloud-starter-2.0.0.M4.jar;C:\Users\Tier1\.m2\repository\org\springframework\cloud\spring-cloud-context\2.0.0.M4\spring-cloud-context-2.0.0.M4.jar;C:\Users\Tier1\.m2\repository\org\springframework\security\spring-security-rsa\1.0.5.RELEASE\spring-security-rsa-1.0.5.RELEASE.jar;C:\Users\Tier1\.m2\repository\org\bouncycastle\bcpkix-jdk15on\1.56\bcpkix-jdk15on-1.56.jar;C:\Users\Tier1\.m2\repository\org\bouncycastle\bcprov-jdk15on\1.56\bcprov-jdk15on-1.56.jar;C:\Users\Tier1\.m2\repository\org\springframework\cloud\spring-cloud-netflix-core\2.0.0.M4\spring-cloud-netflix-core-2.0.0.M4.jar;C:\Users\Tier1\.m2\repository\org\springframework\cloud\spring-cloud-netflix-archaius\2.0.0.M4\spring-cloud-netflix-archaius-2.0.0.M4.jar;C:\Users\Tier1\.m2\repository\org\springframework\cloud\spring-cloud-netflix-eureka-client\2.0.0.M4\spring-cloud-netflix-eureka-client-2.0.0.M4.jar;C:\Users\Tier1\.m2\repository\com\netflix\eureka\eureka-client\1.8.4\eureka-client-1.8.4.jar;C:\Users\Tier1\.m2\repository\org\codehaus\jettison\jettison\1.3.7\jettison-1.3.7.jar;C:\Users\Tier1\.m2\repository\stax\stax-api\1.0.1\stax-api-1.0.1.jar;C:\Users\Tier1\.m2\repository\com\netflix\netflix-commons\netflix-eventbus\0.3.0\netflix-eventbus-0.3.0.jar;C:\Users\Tier1\.m2\repository\com\netflix\netflix-commons\netflix-infix\0.3.0\netflix-infix-0.3.0.jar;C:\Users\Tier1\.m2\repository\commons-jxpath\commons-jxpath\1.3\commons-jxpath-1.3.jar;C:\Users\Tier1\.m2\repository\joda-time\joda-time\2.9.9\joda-time-2.9.9.jar;C:\Users\Tier1\.m2\repository\org\antlr\antlr-runtime\3.4\antlr-runtime-3.4.jar;C:\Users\Tier1\.m2\repository\org\antlr\stringtemplate\3.2.1\stringtemplate-3.2.1.jar;C:\Users\Tier1\.m2\repository\antlr\antlr\2.7.7\antlr-2.7.7.jar;C:\Users\Tier1\.m2\repository\com\google\code\gson\gson\2.8.2\gson-2.8.2.jar;C:\Users\Tier1\.m2\repository\org\apache\commons\commons-math\2.2\commons-math-2.2.jar;C:\Users\Tier1\.m2\repository\com\netflix\archaius\archaius-core\0.7.5\archaius-core-0.7.5.jar;C:\Users\Tier1\.m2\repository\javax\ws\rs\jsr311-api\1.1.1\jsr311-api-1.1.1.jar;C:\Users\Tier1\.m2\repository\com\netflix\servo\servo-core\0.10.1\servo-core-0.10.1.jar;C:\Users\Tier1\.m2\repository\com\netflix\servo\servo-internal\0.10.1\servo-internal-0.10.1.jar;C:\Users\Tier1\.m2\repository\com\sun\jersey\jersey-core\1.19.1\jersey-core-1.19.1.jar;C:\Users\Tier1\.m2\repository\com\sun\jersey\jersey-client\1.19.1\jersey-client-1.19.1.jar;C:\Users\Tier1\.m2\repository\com\sun\jersey\contribs\jersey-apache-client4\1.19.1\jersey-apache-client4-1.19.1.jar;C:\Users\Tier1\.m2\repository\org\apache\httpcomponents\httpclient\4.5.3\httpclient-4.5.3.jar;C:\Users\Tier1\.m2\repository\org\apache\httpcomponents\httpcore\4.4.8\httpcore-4.4.8.jar;C:\Users\Tier1\.m2\repository\commons-codec\commons-codec\1.11\commons-codec-1.11.jar;C:\Users\Tier1\.m2\repository\com\google\inject\guice\4.1.0\guice-4.1.0.jar;C:\Users\Tier1\.m2\repository\javax\inject\javax.inject\1\javax.inject-1.jar;C:\Users\Tier1\.m2\repository\aopalliance\aopalliance\1.0\aopalliance-1.0.jar;C:\Users\Tier1\.m2\repository\com\github\vlsi\compactmap\compactmap\1.2.1\compactmap-1.2.1.jar;C:\Users\Tier1\.m2\repository\com\github\andrewoma\dexx\dexx-collections\0.2\dexx-collections-0.2.jar;C:\Users\Tier1\.m2\repository\com\fasterxml\jackson\core\jackson-annotations\2.9.0\jackson-annotations-2.9.0.jar;C:\Users\Tier1\.m2\repository\com\fasterxml\jackson\core\jackson-core\2.9.2\jackson-core-2.9.2.jar;C:\Users\Tier1\.m2\repository\com\netflix\eureka\eureka-core\1.8.4\eureka-core-1.8.4.jar;C:\Users\Tier1\.m2\repository\org\codehaus\woodstox\woodstox-core-asl\4.4.1\woodstox-core-asl-4.4.1.jar;C:\Users\Tier1\.m2\repository\javax\xml\stream\stax-api\1.0-2\stax-api-1.0-2.jar;C:\Users\Tier1\.m2\repository\org\codehaus\woodstox\stax2-api\3.1.4\stax2-api-3.1.4.jar;C:\Users\Tier1\.m2\repository\org\springframework\cloud\spring-cloud-starter-netflix-archaius\2.0.0.M4\spring-cloud-starter-netflix-archaius-2.0.0.M4.jar;C:\Users\Tier1\.m2\repository\commons-configuration\commons-configuration\1.8\commons-configuration-1.8.jar;C:\Users\Tier1\.m2\repository\commons-lang\commons-lang\2.6\commons-lang-2.6.jar;C:\Users\Tier1\.m2\repository\commons-logging\commons-logging\1.1.1\commons-logging-1.1.1.jar;C:\Users\Tier1\.m2\repository\com\google\guava\guava\18.0\guava-18.0.jar;C:\Users\Tier1\.m2\repository\org\springframework\cloud\spring-cloud-starter-netflix-ribbon\2.0.0.M4\spring-cloud-starter-netflix-ribbon-2.0.0.M4.jar;C:\Users\Tier1\.m2\repository\com\netflix\ribbon\ribbon\2.2.2\ribbon-2.2.2.jar;C:\Users\Tier1\.m2\repository\com\netflix\ribbon\ribbon-transport\2.2.2\ribbon-transport-2.2.2.jar;C:\Users\Tier1\.m2\repository\io\reactivex\rxnetty-contexts\0.4.9\rxnetty-contexts-0.4.9.jar;C:\Users\Tier1\.m2\repository\io\reactivex\rxnetty-servo\0.4.9\rxnetty-servo-0.4.9.jar;C:\Users\Tier1\.m2\repository\io\reactivex\rxnetty\0.4.9\rxnetty-0.4.9.jar;C:\Users\Tier1\.m2\repository\io\netty\netty-codec-http\4.1.16.Final\netty-codec-http-4.1.16.Final.jar;C:\Users\Tier1\.m2\repository\io\netty\netty-codec\4.1.16.Final\netty-codec-4.1.16.Final.jar;C:\Users\Tier1\.m2\repository\io\netty\netty-transport-native-epoll\4.1.16.Final\netty-transport-native-epoll-4.1.16.Final.jar;C:\Users\Tier1\.m2\repository\io\netty\netty-common\4.1.16.Final\netty-common-4.1.16.Final.jar;C:\Users\Tier1\.m2\repository\io\netty\netty-buffer\4.1.16.Final\netty-buffer-4.1.16.Final.jar;C:\Users\Tier1\.m2\repository\io\netty\netty-transport-native-unix-common\4.1.16.Final\netty-transport-native-unix-common-4.1.16.Final.jar;C:\Users\Tier1\.m2\repository\io\netty\netty-transport\4.1.16.Final\netty-transport-4.1.16.Final.jar;C:\Users\Tier1\.m2\repository\io\netty\netty-resolver\4.1.16.Final\netty-resolver-4.1.16.Final.jar;C:\Users\Tier1\.m2\repository\com\netflix\ribbon\ribbon-core\2.2.2\ribbon-core-2.2.2.jar;C:\Users\Tier1\.m2\repository\com\netflix\ribbon\ribbon-httpclient\2.2.2\ribbon-httpclient-2.2.2.jar;C:\Users\Tier1\.m2\repository\commons-collections\commons-collections\3.2.2\commons-collections-3.2.2.jar;C:\Users\Tier1\.m2\repository\com\netflix\netflix-commons\netflix-commons-util\0.1.1\netflix-commons-util-0.1.1.jar;C:\Users\Tier1\.m2\repository\com\netflix\ribbon\ribbon-loadbalancer\2.2.2\ribbon-loadbalancer-2.2.2.jar;C:\Users\Tier1\.m2\repository\com\netflix\netflix-commons\netflix-statistics\0.1.1\netflix-statistics-0.1.1.jar;C:\Users\Tier1\.m2\repository\io\reactivex\rxjava\1.3.3\rxjava-1.3.3.jar;C:\Users\Tier1\.m2\repository\com\netflix\ribbon\ribbon-eureka\2.2.2\ribbon-eureka-2.2.2.jar;C:\Users\Tier1\.m2\repository\org\slf4j\slf4j-api\1.7.25\slf4j-api-1.7.25.jar;C:\Users\Tier1\.m2\repository\com\thoughtworks\xstream\xstream\1.4.9\xstream-1.4.9.jar;C:\Users\Tier1\.m2\repository\xmlpull\xmlpull\1.1.3.1\xmlpull-1.1.3.1.jar;C:\Users\Tier1\.m2\repository\xpp3\xpp3_min\1.1.4c\xpp3_min-1.1.4c.jar;C:\Users\Tier1\.m2\repository\org\springframework\cloud\spring-cloud-starter-config\2.0.0.M4\spring-cloud-starter-config-2.0.0.M4.jar;C:\Users\Tier1\.m2\repository\org\springframework\cloud\spring-cloud-config-client\2.0.0.M4\spring-cloud-config-client-2.0.0.M4.jar;C:\Users\Tier1\.m2\repository\com\fasterxml\jackson\core\jackson-databind\2.9.2\jackson-databind-2.9.2.jar;C:\Users\Tier1\.m2\repository\org\springframework\cloud\spring-cloud-starter-netflix-hystrix\2.0.0.M4\spring-cloud-starter-netflix-hystrix-2.0.0.M4.jar;C:\Users\Tier1\.m2\repository\com\netflix\hystrix\hystrix-core\1.5.12\hystrix-core-1.5.12.jar;C:\Users\Tier1\.m2\repository\org\hdrhistogram\HdrHistogram\2.1.10\HdrHistogram-2.1.10.jar;C:\Users\Tier1\.m2\repository\com\netflix\hystrix\hystrix-metrics-event-stream\1.5.12\hystrix-metrics-event-stream-1.5.12.jar;C:\Users\Tier1\.m2\repository\com\netflix\hystrix\hystrix-serialization\1.5.12\hystrix-serialization-1.5.12.jar;C:\Users\Tier1\.m2\repository\com\fasterxml\jackson\module\jackson-module-afterburner\2.9.2\jackson-module-afterburner-2.9.2.jar;C:\Users\Tier1\.m2\repository\com\netflix\hystrix\hystrix-javanica\1.5.12\hystrix-javanica-1.5.12.jar;C:\Users\Tier1\.m2\repository\org\apache\commons\commons-lang3\3.6\commons-lang3-3.6.jar;C:\Users\Tier1\.m2\repository\org\ow2\asm\asm\5.0.4\asm-5.0.4.jar;C:\Users\Tier1\.m2\repository\org\aspectj\aspectjweaver\1.8.12\aspectjweaver-1.8.12.jar;C:\Users\Tier1\.m2\repository\io\reactivex\rxjava-reactive-streams\1.2.1\rxjava-reactive-streams-1.2.1.jar;C:\Users\Tier1\.m2\repository\org\reactivestreams\reactive-streams\1.0.1\reactive-streams-1.0.1.jar;C:\Users\Tier1\.m2\repository\org\springframework\cloud\spring-cloud-starter-openfeign\2.0.0.M4\spring-cloud-starter-openfeign-2.0.0.M4.jar;C:\Users\Tier1\.m2\repository\org\springframework\spring-web\5.0.1.RELEASE\spring-web-5.0.1.RELEASE.jar;C:\Users\Tier1\.m2\repository\org\springframework\spring-beans\5.0.1.RELEASE\spring-beans-5.0.1.RELEASE.jar;C:\Users\Tier1\.m2\repository\org\springframework\cloud\spring-cloud-commons\2.0.0.M4\spring-cloud-commons-2.0.0.M4.jar;C:\Users\Tier1\.m2\repository\org\springframework\security\spring-security-crypto\5.0.0.RC1\spring-security-crypto-5.0.0.RC1.jar;C:\Users\Tier1\.m2\repository\io\github\openfeign\feign-core\9.5.1\feign-core-9.5.1.jar;C:\Users\Tier1\.m2\repository\io\github\openfeign\feign-slf4j\9.5.1\feign-slf4j-9.5.1.jar;C:\Users\Tier1\.m2\repository\io\github\openfeign\feign-hystrix\9.5.1\feign-hystrix-9.5.1.jar;C:\Users\Tier1\.m2\repository\io\github\openfeign\feign-java8\9.5.1\feign-java8-9.5.1.jar;C:\Users\Tier1\.m2\repository\org\springframework\boot\spring-boot-starter-hateoas\2.0.0.M6\spring-boot-starter-hateoas-2.0.0.M6.jar;C:\Users\Tier1\.m2\repository\org\springframework\boot\spring-boot-starter-web\2.0.0.M6\spring-boot-starter-web-2.0.0.M6.jar;C:\Users\Tier1\.m2\repository\org\springframework\boot\spring-boot-starter-json\2.0.0.M6\spring-boot-starter-json-2.0.0.M6.jar;C:\Users\Tier1\.m2\repository\com\fasterxml\jackson\datatype\jackson-datatype-jdk8\2.9.2\jackson-datatype-jdk8-2.9.2.jar;C:\Users\Tier1\.m2\repository\com\fasterxml\jackson\datatype\jackson-datatype-jsr310\2.9.2\jackson-datatype-jsr310-2.9.2.jar;C:\Users\Tier1\.m2\repository\com\fasterxml\jackson\module\jackson-module-parameter-names\2.9.2\jackson-module-parameter-names-2.9.2.jar;C:\Users\Tier1\.m2\repository\com\fasterxml\jackson\module\jackson-module-kotlin\2.9.2\jackson-module-kotlin-2.9.2.jar;C:\Users\Tier1\.m2\repository\org\springframework\boot\spring-boot-starter-tomcat\2.0.0.M6\spring-boot-starter-tomcat-2.0.0.M6.jar;C:\Users\Tier1\.m2\repository\org\apache\tomcat\embed\tomcat-embed-core\8.5.23\tomcat-embed-core-8.5.23.jar;C:\Users\Tier1\.m2\repository\org\apache\tomcat\tomcat-annotations-api\8.5.23\tomcat-annotations-api-8.5.23.jar;C:\Users\Tier1\.m2\repository\org\apache\tomcat\embed\tomcat-embed-el\8.5.23\tomcat-embed-el-8.5.23.jar;C:\Users\Tier1\.m2\repository\org\apache\tomcat\embed\tomcat-embed-websocket\8.5.23\tomcat-embed-websocket-8.5.23.jar;C:\Users\Tier1\.m2\repository\org\hibernate\validator\hibernate-validator\6.0.4.Final\hibernate-validator-6.0.4.Final.jar;C:\Users\Tier1\.m2\repository\javax\validation\validation-api\2.0.0.Final\validation-api-2.0.0.Final.jar;C:\Users\Tier1\.m2\repository\org\jboss\logging\jboss-logging\3.3.1.Final\jboss-logging-3.3.1.Final.jar;C:\Users\Tier1\.m2\repository\com\fasterxml\classmate\1.3.4\classmate-1.3.4.jar;C:\Users\Tier1\.m2\repository\org\springframework\spring-webmvc\5.0.1.RELEASE\spring-webmvc-5.0.1.RELEASE.jar;C:\Users\Tier1\.m2\repository\org\springframework\hateoas\spring-hateoas\0.24.0.RELEASE\spring-hateoas-0.24.0.RELEASE.jar;C:\Users\Tier1\.m2\repository\org\springframework\spring-aop\5.0.1.RELEASE\spring-aop-5.0.1.RELEASE.jar;C:\Users\Tier1\.m2\repository\org\springframework\plugin\spring-plugin-core\1.2.0.RELEASE\spring-plugin-core-1.2.0.RELEASE.jar;C:\Users\Tier1\.m2\repository\com\vaadin\vaadin-spring-boot-starter\2.0.1\vaadin-spring-boot-starter-2.0.1.jar;C:\Users\Tier1\.m2\repository\com\vaadin\vaadin-spring-boot\2.0.1\vaadin-spring-boot-2.0.1.jar;C:\Users\Tier1\.m2\repository\com\vaadin\vaadin-spring\2.0.1\vaadin-spring-2.0.1.jar;C:\Users\Tier1\.m2\repository\com\vaadin\vaadin-server\8.1.6\vaadin-server-8.1.6.jar;C:\Users\Tier1\.m2\repository\com\vaadin\vaadin-sass-compiler\0.9.13\vaadin-sass-compiler-0.9.13.jar;C:\Users\Tier1\.m2\repository\org\w3c\css\sac\1.3\sac-1.3.jar;C:\Users\Tier1\.m2\repository\com\vaadin\external\flute\flute\1.3.0.gg2\flute-1.3.0.gg2.jar;C:\Users\Tier1\.m2\repository\com\vaadin\vaadin-shared\8.1.6\vaadin-shared-8.1.6.jar;C:\Users\Tier1\.m2\repository\org\jsoup\jsoup\1.8.3\jsoup-1.8.3.jar;C:\Users\Tier1\.m2\repository\com\vaadin\external\gentyref\1.2.0.vaadin1\gentyref-1.2.0.vaadin1.jar;C:\Users\Tier1\.m2\repository\com\vaadin\vaadin-themes\8.1.6\vaadin-themes-8.1.6.jar;C:\Users\Tier1\.m2\repository\com\vaadin\vaadin-client-compiled\8.1.6\vaadin-client-compiled-8.1.6.jar;C:\Users\Tier1\.m2\repository\org\springframework\session\spring-session-hazelcast\2.0.0.RC1\spring-session-hazelcast-2.0.0.RC1.jar;C:\Users\Tier1\.m2\repository\com\hazelcast\hazelcast\3.9\hazelcast-3.9.jar;C:\Users\Tier1\.m2\repository\org\springframework\session\spring-session-core\2.0.0.RC1\spring-session-core-2.0.0.RC1.jar;C:\Users\Tier1\.m2\repository\org\springframework\spring-jcl\5.0.1.RELEASE\spring-jcl-5.0.1.RELEASE.jar;C:\Users\Tier1\.m2\repository\org\springframework\spring-context\5.0.1.RELEASE\spring-context-5.0.1.RELEASE.jar;C:\Users\Tier1\.m2\repository\org\springframework\spring-expression\5.0.1.RELEASE\spring-expression-5.0.1.RELEASE.jar;C:\Users\Tier1\.m2\repository\org\springframework\boot\spring-boot-starter-actuator\2.0.0.M6\spring-boot-starter-actuator-2.0.0.M6.jar;C:\Users\Tier1\.m2\repository\org\springframework\boot\spring-boot-starter\2.0.0.M6\spring-boot-starter-2.0.0.M6.jar;C:\Users\Tier1\.m2\repository\org\springframework\boot\spring-boot-starter-logging\2.0.0.M6\spring-boot-starter-logging-2.0.0.M6.jar;C:\Users\Tier1\.m2\repository\ch\qos\logback\logback-classic\1.2.3\logback-classic-1.2.3.jar;C:\Users\Tier1\.m2\repository\ch\qos\logback\logback-core\1.2.3\logback-core-1.2.3.jar;C:\Users\Tier1\.m2\repository\org\apache\logging\log4j\log4j-to-slf4j\2.9.1\log4j-to-slf4j-2.9.1.jar;C:\Users\Tier1\.m2\repository\org\apache\logging\log4j\log4j-api\2.9.1\log4j-api-2.9.1.jar;C:\Users\Tier1\.m2\repository\org\slf4j\jul-to-slf4j\1.7.25\jul-to-slf4j-1.7.25.jar;C:\Users\Tier1\.m2\repository\org\slf4j\log4j-over-slf4j\1.7.25\log4j-over-slf4j-1.7.25.jar;C:\Users\Tier1\.m2\repository\javax\annotation\javax.annotation-api\1.3.1\javax.annotation-api-1.3.1.jar;C:\Users\Tier1\.m2\repository\org\yaml\snakeyaml\1.19\snakeyaml-1.19.jar;C:\Users\Tier1\.m2\repository\org\springframework\boot\spring-boot-actuator-autoconfigure\2.0.0.M6\spring-boot-actuator-autoconfigure-2.0.0.M6.jar;C:\Users\Tier1\.m2\repository\org\springframework\boot\spring-boot-actuator\2.0.0.M6\spring-boot-actuator-2.0.0.M6.jar;C:\Users\Tier1\.m2\repository\io\micrometer\micrometer-core\1.0.0-rc.3\micrometer-core-1.0.0-rc.3.jar;C:\Users\Tier1\.m2\repository\org\latencyutils\LatencyUtils\2.0.3\LatencyUtils-2.0.3.jar;C:\Users\Tier1\.m2\repository\org\vaadin\crudui\crudui\2.1.5\crudui-2.1.5.jar;C:\Users\Tier1\.m2\repository\commons-beanutils\commons-beanutils\1.8.3\commons-beanutils-1.8.3.jar;C:\Users\Tier1\.m2\repository\org\apache\geronimo\specs\geronimo-validation_1.0_spec\1.1\geronimo-validation_1.0_spec-1.1.jar;C:\Users\Tier1\.m2\repository\org\apache\bval\org.apache.bval.bundle\1.1.2\org.apache.bval.bundle-1.1.2.jar;C:\Users\Tier1\.m2\repository\org\springframework\boot\spring-boot-devtools\2.0.0.M6\spring-boot-devtools-2.0.0.M6.jar;C:\Users\Tier1\.m2\repository\org\springframework\boot\spring-boot\2.0.0.M6\spring-boot-2.0.0.M6.jar;C:\Users\Tier1\.m2\repository\org\springframework\boot\spring-boot-autoconfigure\2.0.0.M6\spring-boot-autoconfigure-2.0.0.M6.jar;C:\Users\Tier1\.m2\repository\org\springframework\boot\spring-boot-starter-test\2.0.0.M6\spring-boot-starter-test-2.0.0.M6.jar;C:\Users\Tier1\.m2\repository\org\springframework\boot\spring-boot-test\2.0.0.M6\spring-boot-test-2.0.0.M6.jar;C:\Users\Tier1\.m2\repository\org\springframework\boot\spring-boot-test-autoconfigure\2.0.0.M6\spring-boot-test-autoconfigure-2.0.0.M6.jar;C:\Users\Tier1\.m2\repository\com\jayway\jsonpath\json-path\2.4.0\json-path-2.4.0.jar;C:\Users\Tier1\.m2\repository\net\minidev\json-smart\2.3\json-smart-2.3.jar;C:\Users\Tier1\.m2\repository\net\minidev\accessors-smart\1.2\accessors-smart-1.2.jar;C:\Users\Tier1\.m2\repository\junit\junit\4.12\junit-4.12.jar;C:\Users\Tier1\.m2\repository\org\assertj\assertj-core\3.8.0\assertj-core-3.8.0.jar;C:\Users\Tier1\.m2\repository\org\mockito\mockito-core\2.11.0\mockito-core-2.11.0.jar;C:\Users\Tier1\.m2\repository\net\bytebuddy\byte-buddy\1.7.8\byte-buddy-1.7.8.jar;C:\Users\Tier1\.m2\repository\net\bytebuddy\byte-buddy-agent\1.7.8\byte-buddy-agent-1.7.8.jar;C:\Users\Tier1\.m2\repository\org\objenesis\objenesis\2.6\objenesis-2.6.jar;C:\Users\Tier1\.m2\repository\org\hamcrest\hamcrest-core\1.3\hamcrest-core-1.3.jar;C:\Users\Tier1\.m2\repository\org\hamcrest\hamcrest-library\1.3\hamcrest-library-1.3.jar;C:\Users\Tier1\.m2\repository\org\skyscreamer\jsonassert\1.5.0\jsonassert-1.5.0.jar;C:\Users\Tier1\.m2\repository\com\vaadin\external\google\android-json\0.0.20131108.vaadin1\android-json-0.0.20131108.vaadin1.jar;C:\Users\Tier1\.m2\repository\org\springframework\spring-core\5.0.1.RELEASE\spring-core-5.0.1.RELEASE.jar;C:\Users\Tier1\.m2\repository\org\springframework\spring-test\5.0.1.RELEASE\spring-test-5.0.1.RELEASE.jar;C:\Users\Tier1\.m2\repository\org\xmlunit\xmlunit-core\2.5.0\xmlunit-core-2.5.0.jar;"/>
    <property name="sun.cpu.endian" value="little"/>
    <property name="user.home" value="C:\Users\Tier1"/>
    <property name="user.language" value="es"/>
    <property name="java.specification.vendor" value="Oracle Corporation"/>
    <property name="java.home" value="C:\Java\JDKs\jdk1.8.0_121\jre"/>
    <property name="basedir" value="C:\Users\Tier1\Desktop\microservicios2demo\vaadin-microservices-demo\admin-application"/>
    <property name="file.separator" value="\"/>
    <property name="line.separator" value="&#10;"/>
    <property name="java.vm.specification.vendor" value="Oracle Corporation"/>
    <property name="java.specification.name" value="Java Platform API Specification"/>
    <property name="java.awt.graphicsenv" value="sun.awt.Win32GraphicsEnvironment"/>
    <property name="surefire.real.class.path" value="C:\Users\Tier1\AppData\Local\Temp\surefire5546232608658421201\surefirebooter7214072002826891127.jar"/>
    <property name="sun.boot.class.path" value="C:\Java\JDKs\jdk1.8.0_121\jre\lib\resources.jar;C:\Java\JDKs\jdk1.8.0_121\jre\lib\rt.jar;C:\Java\JDKs\jdk1.8.0_121\jre\lib\sunrsasign.jar;C:\Java\JDKs\jdk1.8.0_121\jre\lib\jsse.jar;C:\Java\JDKs\jdk1.8.0_121\jre\lib\jce.jar;C:\Java\JDKs\jdk1.8.0_121\jre\lib\charsets.jar;C:\Java\JDKs\jdk1.8.0_121\jre\lib\jfr.jar;C:\Java\JDKs\jdk1.8.0_121\jre\classes"/>
    <property name="user.script" value=""/>
    <property name="sun.management.compiler" value="HotSpot 64-Bit Tiered Compilers"/>
    <property name="java.runtime.version" value="1.8.0_121-b13"/>
    <property name="user.name" value="Tier1"/>
    <property name="path.separator" value=";"/>
    <property name="os.version" value="10.0"/>
    <property name="java.endorsed.dirs" value="C:\Java\JDKs\jdk1.8.0_121\jre\lib\endorsed"/>
    <property name="java.runtime.name" value="Java(TM) SE Runtime Environment"/>
    <property name="file.encoding" value="Cp1252"/>
    <property name="java.vm.name" value="Java HotSpot(TM) 64-Bit Server VM"/>
    <property name="localRepository" value="C:\Users\Tier1\.m2\repository"/>
    <property name="java.vendor.url.bug" value="http://bugreport.sun.com/bugreport/"/>
    <property name="java.io.tmpdir" value="C:\Users\Tier1\AppData\Local\Temp\"/>
    <property name="java.version" value="1.8.0_121"/>
    <property name="user.dir" value="C:\Users\Tier1\Desktop\microservicios2demo\vaadin-microservices-demo\admin-application"/>
    <property name="os.arch" value="amd64"/>
    <property name="java.vm.specification.name" value="Java Virtual Machine Specification"/>
    <property name="java.awt.printerjob" value="sun.awt.windows.WPrinterJob"/>
    <property name="sun.os.patch.level" value=""/>
    <property name="java.library.path" value="C:\Java\JDKs\jdk1.8.0_121\jre\bin;C:\WINDOWS\Sun\Java\bin;C:\WINDOWS\system32;C:\WINDOWS;C:/Program Files/Java/jre1.8.0_161/bin/server;C:/Program Files/Java/jre1.8.0_161/bin;C:/Program Files/Java/jre1.8.0_161/lib/amd64;C:\oracle\product\11.1.0\client_1\bin;C:\ProgramData\Oracle\Java\javapath;/bin;C:\WINDOWS\system32;C:\WINDOWS;C:\WINDOWS\System32\Wbem;C:\WINDOWS\System32\WindowsPowerShell\v1.0\;C:\Program Files\TortoiseSVN\bin;C:\Windows\SysWOW64;C:\Program Files\Novell\iPrint;C:\Program Files (x86)\Novell\GroupWise;c:\Program Files (x86)\Microsoft SQL Server\100\Tools\Binn\VSShell\Common7\IDE\;c:\Program Files (x86)\Microsoft SQL Server\100\Tools\Binn\;c:\Program Files\Microsoft SQL Server\100\Tools\Binn\;c:\Program Files (x86)\Microsoft SQL Server\100\DTS\Binn\;C:\Program Files (x86)\Poedit\GettextTools\bin;C:\Program Files (x86)\Skype\Phone\;C:\Program Files (x86)\MySQL\MySQL Server 5.1\bin;C:\Gradle\gradle-4.2\bin;%M2_HOME%\bin;C:\Program Files\Git\cmd;C:\Program Files\Apache\apache-maven-3.5.2\bin;C:\WINDOWS\System32;;."/>
    <property name="java.vm.info" value="mixed mode"/>
    <property name="java.vendor" value="Oracle Corporation"/>
    <property name="java.vm.version" value="25.121-b13"/>
    <property name="java.ext.dirs" value="C:\Java\JDKs\jdk1.8.0_121\jre\lib\ext;C:\WINDOWS\Sun\Java\lib\ext"/>
    <property name="sun.io.unicode.encoding" value="UnicodeLittle"/>
    <property name="java.class.version" value="52.0"/>
  </properties>
  <testcase name="contextLoads" classname="com.example.admin.AdminApplicationTests" time="0.128"/>
</testsuite>